{"name": "test_products_group", "status": "skipped", "statusDetails": {"message": "XFAIL Wait for fix bug\n\nselenium.common.exceptions.ElementClickInterceptedException: Message: element click intercepted: Element <a href=\"https://testqastudio.me?products_group=sale\" class=\"tab-sale \">...</a> is not clickable at point (623, 575). Other element would receive the click: <div class=\"catalog-toolbar-tabs__content\">...</div>\n  (Session info: chrome=123.0.6312.58)\nStacktrace:\n\tGetHandleVerifier [0x00007FF74CF470C2+63090]\n\t(No symbol) [0x00007FF74CEB2D12]\n\t(No symbol) [0x00007FF74CD4EC65]\n\t(No symbol) [0x00007FF74CD9BB34]\n\t(No symbol) [0x00007FF74CD99954]\n\t(No symbol) [0x00007FF74CD97164]\n\t(No symbol) [0x00007FF74CD95EF9]\n\t(No symbol) [0x00007FF74CD8A708]\n\t(No symbol) [0x00007FF74CDB6FDA]\n\t(No symbol) [0x00007FF74CD8A00A]\n\t(No symbol) [0x00007FF74CDB71F0]\n\t(No symbol) [0x00007FF74CDD3412]\n\t(No symbol) [0x00007FF74CDB6D83]\n\t(No symbol) [0x00007FF74CD883A8]\n\t(No symbol) [0x00007FF74CD89441]\n\tGetHandleVerifier [0x00007FF74D34262D+4238301]\n\tGetHandleVerifier [0x00007FF74D37F78D+4488509]\n\tGetHandleVerifier [0x00007FF74D377A6F+4456479]\n\tGetHandleVerifier [0x00007FF74D020606+953270]\n\t(No symbol) [0x00007FF74CEBE5DF]\n\t(No symbol) [0x00007FF74CEB92B4]\n\t(No symbol) [0x00007FF74CEB93EB]\n\t(No symbol) [0x00007FF74CEA9C24]\n\tBaseThreadInitThunk [0x00007FFF25307344+20]\n\tRtlUserThreadStart [0x00007FFF25CE26B1+33]", "trace": "t\\tests\\test_shop.py:48: in test_products_group\n    element.click()\n        browser    = <selenium.webdriver.chrome.webdriver.WebDriver (session=\"a1716c0e1a9662c2c1a6c40a179db4d8\")>\n        element    = <selenium.webdriver.remote.webelement.WebElement (session=\"a1716c0e1a9662c2c1a6c40a179db4d8\", element=\"f.380F7B5AC876CC9D7146BFFE65F08826.d.02F48941C7110E1CD017E785ABE92558.e.142\")>\n        elements   = [<selenium.webdriver.remote.webelement.WebElement (session=\"a1716c0e1a9662c2c1a6c40a179db4d8\", element=\"f.380F7B5AC876...16c0e1a9662c2c1a6c40a179db4d8\", element=\"f.380F7B5AC876CC9D7146BFFE65F08826.d.0C2C4060873C0A100F8CD140F19E6C70.e.32\")>]\n        expected_menu = [('Все', '', \"[class='tab-all active']\"), ('Бестселлеры', '/?products_group=best_sellers', \"[class='tab-best_sellers '... '/?products_group=new', \"[class='tab-new ']\"), ('Распродажа товаров', '/?products_group=sale', \"[class='tab-sale ']\")]\n        item       = ('Распродажа товаров', '/?products_group=sale', \"[class='tab-sale ']\")\n        menu_element = \"[class='catalog-toolbar-tabs__content'] a\"\n..\\..\\AppData\\Local\\Programs\\Python\\Python312\\Lib\\site-packages\\selenium\\webdriver\\remote\\webelement.py:94: in click\n    self._execute(Command.CLICK_ELEMENT)\n        self       = <selenium.webdriver.remote.webelement.WebElement (session=\"a1716c0e1a9662c2c1a6c40a179db4d8\", element=\"f.380F7B5AC876CC9D7146BFFE65F08826.d.02F48941C7110E1CD017E785ABE92558.e.142\")>\n..\\..\\AppData\\Local\\Programs\\Python\\Python312\\Lib\\site-packages\\selenium\\webdriver\\remote\\webelement.py:395: in _execute\n    return self._parent.execute(command, params)\n        command    = 'clickElement'\n        params     = {'id': 'f.380F7B5AC876CC9D7146BFFE65F08826.d.02F48941C7110E1CD017E785ABE92558.e.142'}\n        self       = <selenium.webdriver.remote.webelement.WebElement (session=\"a1716c0e1a9662c2c1a6c40a179db4d8\", element=\"f.380F7B5AC876CC9D7146BFFE65F08826.d.02F48941C7110E1CD017E785ABE92558.e.142\")>\n..\\..\\AppData\\Local\\Programs\\Python\\Python312\\Lib\\site-packages\\selenium\\webdriver\\remote\\webdriver.py:347: in execute\n    self.error_handler.check_response(response)\n        driver_command = 'clickElement'\n        params     = {}\n        response   = {'status': 400, 'value': '{\"value\":{\"error\":\"element click intercepted\",\"message\":\"element click intercepted: Element ...07FF74CEA9C24]\\\\n\\\\tBaseThreadInitThunk [0x00007FFF25307344+20]\\\\n\\\\tRtlUserThreadStart [0x00007FFF25CE26B1+33]\\\\n\"}}'}\n        self       = <selenium.webdriver.chrome.webdriver.WebDriver (session=\"a1716c0e1a9662c2c1a6c40a179db4d8\")>\n..\\..\\AppData\\Local\\Programs\\Python\\Python312\\Lib\\site-packages\\selenium\\webdriver\\remote\\errorhandler.py:229: in check_response\n    raise exception_class(message, screen, stacktrace)\nE   selenium.common.exceptions.ElementClickInterceptedException: Message: element click intercepted: Element <a href=\"https://testqastudio.me?products_group=sale\" class=\"tab-sale \">...</a> is not clickable at point (623, 575). Other element would receive the click: <div class=\"catalog-toolbar-tabs__content\">...</div>\nE     (Session info: chrome=123.0.6312.58)\nE   Stacktrace:\nE   \tGetHandleVerifier [0x00007FF74CF470C2+63090]\nE   \t(No symbol) [0x00007FF74CEB2D12]\nE   \t(No symbol) [0x00007FF74CD4EC65]\nE   \t(No symbol) [0x00007FF74CD9BB34]\nE   \t(No symbol) [0x00007FF74CD99954]\nE   \t(No symbol) [0x00007FF74CD97164]\nE   \t(No symbol) [0x00007FF74CD95EF9]\nE   \t(No symbol) [0x00007FF74CD8A708]\nE   \t(No symbol) [0x00007FF74CDB6FDA]\nE   \t(No symbol) [0x00007FF74CD8A00A]\nE   \t(No symbol) [0x00007FF74CDB71F0]\nE   \t(No symbol) [0x00007FF74CDD3412]\nE   \t(No symbol) [0x00007FF74CDB6D83]\nE   \t(No symbol) [0x00007FF74CD883A8]\nE   \t(No symbol) [0x00007FF74CD89441]\nE   \tGetHandleVerifier [0x00007FF74D34262D+4238301]\nE   \tGetHandleVerifier [0x00007FF74D37F78D+4488509]\nE   \tGetHandleVerifier [0x00007FF74D377A6F+4456479]\nE   \tGetHandleVerifier [0x00007FF74D020606+953270]\nE   \t(No symbol) [0x00007FF74CEBE5DF]\nE   \t(No symbol) [0x00007FF74CEB92B4]\nE   \t(No symbol) [0x00007FF74CEB93EB]\nE   \t(No symbol) [0x00007FF74CEA9C24]\nE   \tBaseThreadInitThunk [0x00007FFF25307344+20]\nE   \tRtlUserThreadStart [0x00007FFF25CE26B1+33]\n        e          = <selenium.webdriver.remote.errorhandler.ErrorCode object at 0x000001C8C92F2750>\n        error_code = 'ELEMENT_CLICK_INTERCEPTED'\n        error_codes = ['ELEMENT_CLICK_INTERCEPTED', 'ELEMENT_IS_NOT_SELECTABLE', 'ELEMENT_NOT_INTERACTABLE', 'ELEMENT_NOT_VISIBLE', 'IME_ENGINE_ACTIVATION_FAILED', 'IME_NOT_AVAILABLE', ...]\n        error_info = [64, 'element click intercepted']\n        exception_class = <class 'selenium.common.exceptions.ElementClickInterceptedException'>\n        json       = <module 'json' from 'C:\\\\Users\\\\Dora\\\\AppData\\\\Local\\\\Programs\\\\Python\\\\Python312\\\\Lib\\\\json\\\\__init__.py'>\n        message    = 'element click intercepted: Element <a href=\"https://testqastudio.me?products_group=sale\" class=\"tab-sale \">...</a> is... would receive the click: <div class=\"catalog-toolbar-tabs__content\">...</div>\\n  (Session info: chrome=123.0.6312.58)'\n        response   = {'status': 400, 'value': '{\"value\":{\"error\":\"element click intercepted\",\"message\":\"element click intercepted: Element ...07FF74CEA9C24]\\\\n\\\\tBaseThreadInitThunk [0x00007FFF25307344+20]\\\\n\\\\tRtlUserThreadStart [0x00007FFF25CE26B1+33]\\\\n\"}}'}\n        screen     = None\n        self       = <selenium.webdriver.remote.errorhandler.ErrorHandler object at 0x000001C8CB701010>\n        st_value   = '\\tGetHandleVerifier [0x00007FF74CF470C2+63090]\\n\\t(No symbol) [0x00007FF74CEB2D12]\\n\\t(No symbol) [0x00007FF74CD4EC65...l) [0x00007FF74CEA9C24]\\n\\tBaseThreadInitThunk [0x00007FFF25307344+20]\\n\\tRtlUserThreadStart [0x00007FFF25CE26B1+33]\\n'\n        stacktrace = ['\\tGetHandleVerifier [0x00007FF74CF470C2+63090]', '\\t(No symbol) [0x00007FF74CEB2D12]', '\\t(No symbol) [0x00007FF74CD... '\\t(No symbol) [0x00007FF74CD9BB34]', '\\t(No symbol) [0x00007FF74CD99954]', '\\t(No symbol) [0x00007FF74CD97164]', ...]\n        status     = 'element click intercepted'\n        value      = {'error': 'element click intercepted', 'message': 'element click intercepted: Element <a href=\"https://testqastudio.me...) [0x00007FF74CEA9C24]\\n\\tBaseThreadInitThunk [0x00007FFF25307344+20]\\n\\tRtlUserThreadStart [0x00007FFF25CE26B1+33]\\n'}\n        value_json = '{\"value\":{\"error\":\"element click intercepted\",\"message\":\"element click intercepted: Element \\\\u003Ca href=\\\\\"https://...007FF74CEA9C24]\\\\n\\\\tBaseThreadInitThunk [0x00007FFF25307344+20]\\\\n\\\\tRtlUserThreadStart [0x00007FFF25CE26B1+33]\\\\n\"}}'"}, "description": "\n    Test case TC-2\n    ", "start": 1712004318678, "stop": 1712004326376, "uuid": "5ca97f57-07c8-422a-a5fc-fe9cfc91704b", "historyId": "661b4d561aa9283d092c863c736f17f8", "testCaseId": "661b4d561aa9283d092c863c736f17f8", "fullName": "test_shop#test_products_group", "labels": [{"name": "tag", "value": "@pytest.mark.xfail(reason='Wait for fix bug')"}, {"name": "suite", "value": "test_shop"}, {"name": "host", "value": "LAPTOP-G4Q0H2KK"}, {"name": "thread", "value": "17212-MainThread"}, {"name": "framework", "value": "pytest"}, {"name": "language", "value": "cpython3"}, {"name": "package", "value": "test_shop"}]}