{"name": "test_top_menu", "status": "failed", "statusDetails": {"message": "AssertionError: Top menu does not matching to expected\nassert ['Каталог', '...', 'Контакты'] == []\n  \n  Left contains 5 more items, first extra item: 'Каталог'\n  Use -v to get more diff", "trace": "t\\tests\\test_shop.py:25: in test_top_menu\n    assert expected_menu == result, 'Top menu does not matching to expected'\nE   AssertionError: Top menu does not matching to expected\nE   assert ['Каталог', '...', 'Контакты'] == []\nE     \nE     Left contains 5 more items, first extra item: 'Каталог'\nE     Use -v to get more diff\n        browser    = <selenium.webdriver.chrome.webdriver.WebDriver (session=\"8fd794ebc6cf8160ccd1675d39826a69\")>\n        elements   = []\n        expected_menu = ['Каталог', 'Часто задавамые вопросы', 'Блог', 'О компании', 'Контакты']\n        result     = []"}, "description": "\n    Test case TC-2\n    ", "start": 1712004488846, "stop": 1712004491433, "uuid": "8ae41bcb-7fd8-49bd-84ea-38be2ab4b5ae", "historyId": "50a1680b7785bd2354e165cc1c345b3e", "testCaseId": "50a1680b7785bd2354e165cc1c345b3e", "fullName": "test_shop#test_top_menu", "labels": [{"name": "suite", "value": "test_shop"}, {"name": "host", "value": "LAPTOP-G4Q0H2KK"}, {"name": "thread", "value": "20920-MainThread"}, {"name": "framework", "value": "pytest"}, {"name": "language", "value": "cpython3"}, {"name": "package", "value": "test_shop"}]}