{"name": "test_products_group", "status": "broken", "statusDetails": {"message": "selenium.common.exceptions.ElementClickInterceptedException: Message: element click intercepted: Element <a href=\"https://testqastudio.me?products_group=sale\" class=\"tab-sale \">...</a> is not clickable at point (623, 575). Other element would receive the click: <div class=\"catalog-toolbar-tabs__content\">...</div>\n  (Session info: chrome=123.0.6312.58)\nStacktrace:\n\tGetHandleVerifier [0x00007FF74CF470C2+63090]\n\t(No symbol) [0x00007FF74CEB2D12]\n\t(No symbol) [0x00007FF74CD4EC65]\n\t(No symbol) [0x00007FF74CD9BB34]\n\t(No symbol) [0x00007FF74CD99954]\n\t(No symbol) [0x00007FF74CD97164]\n\t(No symbol) [0x00007FF74CD95EF9]\n\t(No symbol) [0x00007FF74CD8A708]\n\t(No symbol) [0x00007FF74CDB6FDA]\n\t(No symbol) [0x00007FF74CD8A00A]\n\t(No symbol) [0x00007FF74CDB71F0]\n\t(No symbol) [0x00007FF74CDD3412]\n\t(No symbol) [0x00007FF74CDB6D83]\n\t(No symbol) [0x00007FF74CD883A8]\n\t(No symbol) [0x00007FF74CD89441]\n\tGetHandleVerifier [0x00007FF74D34262D+4238301]\n\tGetHandleVerifier [0x00007FF74D37F78D+4488509]\n\tGetHandleVerifier [0x00007FF74D377A6F+4456479]\n\tGetHandleVerifier [0x00007FF74D020606+953270]\n\t(No symbol) [0x00007FF74CEBE5DF]\n\t(No symbol) [0x00007FF74CEB92B4]\n\t(No symbol) [0x00007FF74CEB93EB]\n\t(No symbol) [0x00007FF74CEA9C24]\n\tBaseThreadInitThunk [0x00007FFF25307344+20]\n\tRtlUserThreadStart [0x00007FFF25CE26B1+33]", "trace": "t\\tests\\test_shop.py:48: in test_products_group\n    element.click()\n        browser    = <selenium.webdriver.chrome.webdriver.WebDriver (session=\"8fd794ebc6cf8160ccd1675d39826a69\")>\n        element    = <selenium.webdriver.remote.webelement.WebElement (session=\"8fd794ebc6cf8160ccd1675d39826a69\", element=\"f.C5D28D7B20DE1AAE9A6CEADB01AB0504.d.41BE5A36D893BAE5604AB7D02DF69260.e.134\")>\n        elements   = [<selenium.webdriver.remote.webelement.WebElement (session=\"8fd794ebc6cf8160ccd1675d39826a69\", element=\"f.C5D28D7B20DE...794ebc6cf8160ccd1675d39826a69\", element=\"f.C5D28D7B20DE1AAE9A6CEADB01AB0504.d.8406A4AEF0290FC8D2ED8C437030C03A.e.49\")>]\n        expected_menu = [('Все', '', \"[class='tab-all active']\"), ('Бестселлеры', '/?products_group=best_sellers', \"[class='tab-best_sellers '... '/?products_group=new', \"[class='tab-new ']\"), ('Распродажа товаров', '/?products_group=sale', \"[class='tab-sale ']\")]\n        item       = ('Распродажа товаров', '/?products_group=sale', \"[class='tab-sale ']\")\n        menu_element = \"[class='catalog-toolbar-tabs__content'] a\"\n..\\..\\AppData\\Local\\Programs\\Python\\Python312\\Lib\\site-packages\\selenium\\webdriver\\remote\\webelement.py:94: in click\n    self._execute(Command.CLICK_ELEMENT)\n        self       = <selenium.webdriver.remote.webelement.WebElement (session=\"8fd794ebc6cf8160ccd1675d39826a69\", element=\"f.C5D28D7B20DE1AAE9A6CEADB01AB0504.d.41BE5A36D893BAE5604AB7D02DF69260.e.134\")>\n..\\..\\AppData\\Local\\Programs\\Python\\Python312\\Lib\\site-packages\\selenium\\webdriver\\remote\\webelement.py:395: in _execute\n    return self._parent.execute(command, params)\n        command    = 'clickElement'\n        params     = {'id': 'f.C5D28D7B20DE1AAE9A6CEADB01AB0504.d.41BE5A36D893BAE5604AB7D02DF69260.e.134'}\n        self       = <selenium.webdriver.remote.webelement.WebElement (session=\"8fd794ebc6cf8160ccd1675d39826a69\", element=\"f.C5D28D7B20DE1AAE9A6CEADB01AB0504.d.41BE5A36D893BAE5604AB7D02DF69260.e.134\")>\n..\\..\\AppData\\Local\\Programs\\Python\\Python312\\Lib\\site-packages\\selenium\\webdriver\\remote\\webdriver.py:347: in execute\n    self.error_handler.check_response(response)\n        driver_command = 'clickElement'\n        params     = {}\n        response   = {'status': 400, 'value': '{\"value\":{\"error\":\"element click intercepted\",\"message\":\"element click intercepted: Element ...07FF74CEA9C24]\\\\n\\\\tBaseThreadInitThunk [0x00007FFF25307344+20]\\\\n\\\\tRtlUserThreadStart [0x00007FFF25CE26B1+33]\\\\n\"}}'}\n        self       = <selenium.webdriver.chrome.webdriver.WebDriver (session=\"8fd794ebc6cf8160ccd1675d39826a69\")>\n..\\..\\AppData\\Local\\Programs\\Python\\Python312\\Lib\\site-packages\\selenium\\webdriver\\remote\\errorhandler.py:229: in check_response\n    raise exception_class(message, screen, stacktrace)\nE   selenium.common.exceptions.ElementClickInterceptedException: Message: element click intercepted: Element <a href=\"https://testqastudio.me?products_group=sale\" class=\"tab-sale \">...</a> is not clickable at point (623, 575). Other element would receive the click: <div class=\"catalog-toolbar-tabs__content\">...</div>\nE     (Session info: chrome=123.0.6312.58)\nE   Stacktrace:\nE   \tGetHandleVerifier [0x00007FF74CF470C2+63090]\nE   \t(No symbol) [0x00007FF74CEB2D12]\nE   \t(No symbol) [0x00007FF74CD4EC65]\nE   \t(No symbol) [0x00007FF74CD9BB34]\nE   \t(No symbol) [0x00007FF74CD99954]\nE   \t(No symbol) [0x00007FF74CD97164]\nE   \t(No symbol) [0x00007FF74CD95EF9]\nE   \t(No symbol) [0x00007FF74CD8A708]\nE   \t(No symbol) [0x00007FF74CDB6FDA]\nE   \t(No symbol) [0x00007FF74CD8A00A]\nE   \t(No symbol) [0x00007FF74CDB71F0]\nE   \t(No symbol) [0x00007FF74CDD3412]\nE   \t(No symbol) [0x00007FF74CDB6D83]\nE   \t(No symbol) [0x00007FF74CD883A8]\nE   \t(No symbol) [0x00007FF74CD89441]\nE   \tGetHandleVerifier [0x00007FF74D34262D+4238301]\nE   \tGetHandleVerifier [0x00007FF74D37F78D+4488509]\nE   \tGetHandleVerifier [0x00007FF74D377A6F+4456479]\nE   \tGetHandleVerifier [0x00007FF74D020606+953270]\nE   \t(No symbol) [0x00007FF74CEBE5DF]\nE   \t(No symbol) [0x00007FF74CEB92B4]\nE   \t(No symbol) [0x00007FF74CEB93EB]\nE   \t(No symbol) [0x00007FF74CEA9C24]\nE   \tBaseThreadInitThunk [0x00007FFF25307344+20]\nE   \tRtlUserThreadStart [0x00007FFF25CE26B1+33]\n        e          = <selenium.webdriver.remote.errorhandler.ErrorCode object at 0x000001CBFB13A810>\n        error_code = 'ELEMENT_CLICK_INTERCEPTED'\n        error_codes = ['ELEMENT_CLICK_INTERCEPTED', 'ELEMENT_IS_NOT_SELECTABLE', 'ELEMENT_NOT_INTERACTABLE', 'ELEMENT_NOT_VISIBLE', 'IME_ENGINE_ACTIVATION_FAILED', 'IME_NOT_AVAILABLE', ...]\n        error_info = [64, 'element click intercepted']\n        exception_class = <class 'selenium.common.exceptions.ElementClickInterceptedException'>\n        json       = <module 'json' from 'C:\\\\Users\\\\Dora\\\\AppData\\\\Local\\\\Programs\\\\Python\\\\Python312\\\\Lib\\\\json\\\\__init__.py'>\n        message    = 'element click intercepted: Element <a href=\"https://testqastudio.me?products_group=sale\" class=\"tab-sale \">...</a> is... would receive the click: <div class=\"catalog-toolbar-tabs__content\">...</div>\\n  (Session info: chrome=123.0.6312.58)'\n        response   = {'status': 400, 'value': '{\"value\":{\"error\":\"element click intercepted\",\"message\":\"element click intercepted: Element ...07FF74CEA9C24]\\\\n\\\\tBaseThreadInitThunk [0x00007FFF25307344+20]\\\\n\\\\tRtlUserThreadStart [0x00007FFF25CE26B1+33]\\\\n\"}}'}\n        screen     = None\n        self       = <selenium.webdriver.remote.errorhandler.ErrorHandler object at 0x000001CBFA5E6600>\n        st_value   = '\\tGetHandleVerifier [0x00007FF74CF470C2+63090]\\n\\t(No symbol) [0x00007FF74CEB2D12]\\n\\t(No symbol) [0x00007FF74CD4EC65...l) [0x00007FF74CEA9C24]\\n\\tBaseThreadInitThunk [0x00007FFF25307344+20]\\n\\tRtlUserThreadStart [0x00007FFF25CE26B1+33]\\n'\n        stacktrace = ['\\tGetHandleVerifier [0x00007FF74CF470C2+63090]', '\\t(No symbol) [0x00007FF74CEB2D12]', '\\t(No symbol) [0x00007FF74CD... '\\t(No symbol) [0x00007FF74CD9BB34]', '\\t(No symbol) [0x00007FF74CD99954]', '\\t(No symbol) [0x00007FF74CD97164]', ...]\n        status     = 'element click intercepted'\n        value      = {'error': 'element click intercepted', 'message': 'element click intercepted: Element <a href=\"https://testqastudio.me...) [0x00007FF74CEA9C24]\\n\\tBaseThreadInitThunk [0x00007FFF25307344+20]\\n\\tRtlUserThreadStart [0x00007FFF25CE26B1+33]\\n'}\n        value_json = '{\"value\":{\"error\":\"element click intercepted\",\"message\":\"element click intercepted: Element \\\\u003Ca href=\\\\\"https://...007FF74CEA9C24]\\\\n\\\\tBaseThreadInitThunk [0x00007FFF25307344+20]\\\\n\\\\tRtlUserThreadStart [0x00007FFF25CE26B1+33]\\\\n\"}}'"}, "description": "\n    Test case TC-2\n    ", "start": 1712004491760, "stop": 1712004498986, "uuid": "6d41ee71-0b80-4986-b075-b0ff6d3d2914", "historyId": "661b4d561aa9283d092c863c736f17f8", "testCaseId": "661b4d561aa9283d092c863c736f17f8", "fullName": "test_shop#test_products_group", "labels": [{"name": "suite", "value": "test_shop"}, {"name": "host", "value": "LAPTOP-G4Q0H2KK"}, {"name": "thread", "value": "20920-MainThread"}, {"name": "framework", "value": "pytest"}, {"name": "language", "value": "cpython3"}, {"name": "package", "value": "test_shop"}]}