{"name": "test_products_group", "status": "skipped", "statusDetails": {"message": "XFAIL Wait for fix bug\n\nselenium.common.exceptions.ElementClickInterceptedException: Message: element click intercepted: Element <a href=\"https://testqastudio.me?products_group=sale\" class=\"tab-sale \">...</a> is not clickable at point (623, 575). Other element would receive the click: <div class=\"catalog-toolbar-tabs__content\">...</div>\n  (Session info: chrome=123.0.6312.105)\nStacktrace:\n\tGetHandleVerifier [0x00007FF74DA170C2+63090]\n\t(No symbol) [0x00007FF74D982D12]\n\t(No symbol) [0x00007FF74D81EC65]\n\t(No symbol) [0x00007FF74D86BB34]\n\t(No symbol) [0x00007FF74D869954]\n\t(No symbol) [0x00007FF74D867164]\n\t(No symbol) [0x00007FF74D865EF9]\n\t(No symbol) [0x00007FF74D85A708]\n\t(No symbol) [0x00007FF74D886FDA]\n\t(No symbol) [0x00007FF74D85A00A]\n\t(No symbol) [0x00007FF74D8871F0]\n\t(No symbol) [0x00007FF74D8A3412]\n\t(No symbol) [0x00007FF74D886D83]\n\t(No symbol) [0x00007FF74D8583A8]\n\t(No symbol) [0x00007FF74D859441]\n\tGetHandleVerifier [0x00007FF74DE1262D+4238301]\n\tGetHandleVerifier [0x00007FF74DE4F78D+4488509]\n\tGetHandleVerifier [0x00007FF74DE47A6F+4456479]\n\tGetHandleVerifier [0x00007FF74DAF0606+953270]\n\t(No symbol) [0x00007FF74D98E5DF]\n\t(No symbol) [0x00007FF74D9892B4]\n\t(No symbol) [0x00007FF74D9893EB]\n\t(No symbol) [0x00007FF74D979C24]\n\tBaseThreadInitThunk [0x00007FFB73DC7344+20]\n\tRtlUserThreadStart [0x00007FFB755426B1+33]", "trace": "t\\tests\\test_shop.py:48: in test_products_group\n    element.click()\n        browser    = <selenium.webdriver.chrome.webdriver.WebDriver (session=\"613bc3871f219a4c3aa762828897be39\")>\n        element    = <selenium.webdriver.remote.webelement.WebElement (session=\"613bc3871f219a4c3aa762828897be39\", element=\"f.B5B992E507F036ACABF9B1B15F4EE6C6.d.BE75A3B817280F4D15BAE1879ECF2C7A.e.112\")>\n        elements   = [<selenium.webdriver.remote.webelement.WebElement (session=\"613bc3871f219a4c3aa762828897be39\", element=\"f.B5B992E507F0...bc3871f219a4c3aa762828897be39\", element=\"f.B5B992E507F036ACABF9B1B15F4EE6C6.d.BB01BFD230D0BA78D259743ACBEB9111.e.30\")>]\n        expected_menu = [('Все', '', \"[class='tab-all active']\"), ('Бестселлеры', '/?products_group=best_sellers', \"[class='tab-best_sellers '... '/?products_group=new', \"[class='tab-new ']\"), ('Распродажа товаров', '/?products_group=sale', \"[class='tab-sale ']\")]\n        item       = ('Распродажа товаров', '/?products_group=sale', \"[class='tab-sale ']\")\n        menu_element = \"[class='catalog-toolbar-tabs__content'] a\"\n..\\..\\AppData\\Local\\Programs\\Python\\Python312\\Lib\\site-packages\\selenium\\webdriver\\remote\\webelement.py:94: in click\n    self._execute(Command.CLICK_ELEMENT)\n        self       = <selenium.webdriver.remote.webelement.WebElement (session=\"613bc3871f219a4c3aa762828897be39\", element=\"f.B5B992E507F036ACABF9B1B15F4EE6C6.d.BE75A3B817280F4D15BAE1879ECF2C7A.e.112\")>\n..\\..\\AppData\\Local\\Programs\\Python\\Python312\\Lib\\site-packages\\selenium\\webdriver\\remote\\webelement.py:395: in _execute\n    return self._parent.execute(command, params)\n        command    = 'clickElement'\n        params     = {'id': 'f.B5B992E507F036ACABF9B1B15F4EE6C6.d.BE75A3B817280F4D15BAE1879ECF2C7A.e.112'}\n        self       = <selenium.webdriver.remote.webelement.WebElement (session=\"613bc3871f219a4c3aa762828897be39\", element=\"f.B5B992E507F036ACABF9B1B15F4EE6C6.d.BE75A3B817280F4D15BAE1879ECF2C7A.e.112\")>\n..\\..\\AppData\\Local\\Programs\\Python\\Python312\\Lib\\site-packages\\selenium\\webdriver\\remote\\webdriver.py:347: in execute\n    self.error_handler.check_response(response)\n        driver_command = 'clickElement'\n        params     = {}\n        response   = {'status': 400, 'value': '{\"value\":{\"error\":\"element click intercepted\",\"message\":\"element click intercepted: Element ...07FF74D979C24]\\\\n\\\\tBaseThreadInitThunk [0x00007FFB73DC7344+20]\\\\n\\\\tRtlUserThreadStart [0x00007FFB755426B1+33]\\\\n\"}}'}\n        self       = <selenium.webdriver.chrome.webdriver.WebDriver (session=\"613bc3871f219a4c3aa762828897be39\")>\n..\\..\\AppData\\Local\\Programs\\Python\\Python312\\Lib\\site-packages\\selenium\\webdriver\\remote\\errorhandler.py:229: in check_response\n    raise exception_class(message, screen, stacktrace)\nE   selenium.common.exceptions.ElementClickInterceptedException: Message: element click intercepted: Element <a href=\"https://testqastudio.me?products_group=sale\" class=\"tab-sale \">...</a> is not clickable at point (623, 575). Other element would receive the click: <div class=\"catalog-toolbar-tabs__content\">...</div>\nE     (Session info: chrome=123.0.6312.105)\nE   Stacktrace:\nE   \tGetHandleVerifier [0x00007FF74DA170C2+63090]\nE   \t(No symbol) [0x00007FF74D982D12]\nE   \t(No symbol) [0x00007FF74D81EC65]\nE   \t(No symbol) [0x00007FF74D86BB34]\nE   \t(No symbol) [0x00007FF74D869954]\nE   \t(No symbol) [0x00007FF74D867164]\nE   \t(No symbol) [0x00007FF74D865EF9]\nE   \t(No symbol) [0x00007FF74D85A708]\nE   \t(No symbol) [0x00007FF74D886FDA]\nE   \t(No symbol) [0x00007FF74D85A00A]\nE   \t(No symbol) [0x00007FF74D8871F0]\nE   \t(No symbol) [0x00007FF74D8A3412]\nE   \t(No symbol) [0x00007FF74D886D83]\nE   \t(No symbol) [0x00007FF74D8583A8]\nE   \t(No symbol) [0x00007FF74D859441]\nE   \tGetHandleVerifier [0x00007FF74DE1262D+4238301]\nE   \tGetHandleVerifier [0x00007FF74DE4F78D+4488509]\nE   \tGetHandleVerifier [0x00007FF74DE47A6F+4456479]\nE   \tGetHandleVerifier [0x00007FF74DAF0606+953270]\nE   \t(No symbol) [0x00007FF74D98E5DF]\nE   \t(No symbol) [0x00007FF74D9892B4]\nE   \t(No symbol) [0x00007FF74D9893EB]\nE   \t(No symbol) [0x00007FF74D979C24]\nE   \tBaseThreadInitThunk [0x00007FFB73DC7344+20]\nE   \tRtlUserThreadStart [0x00007FFB755426B1+33]\n        e          = <selenium.webdriver.remote.errorhandler.ErrorCode object at 0x000001511BDC7B00>\n        error_code = 'ELEMENT_CLICK_INTERCEPTED'\n        error_codes = ['ELEMENT_CLICK_INTERCEPTED', 'ELEMENT_IS_NOT_SELECTABLE', 'ELEMENT_NOT_INTERACTABLE', 'ELEMENT_NOT_VISIBLE', 'IME_ENGINE_ACTIVATION_FAILED', 'IME_NOT_AVAILABLE', ...]\n        error_info = [64, 'element click intercepted']\n        exception_class = <class 'selenium.common.exceptions.ElementClickInterceptedException'>\n        json       = <module 'json' from 'C:\\\\Users\\\\Dora\\\\AppData\\\\Local\\\\Programs\\\\Python\\\\Python312\\\\Lib\\\\json\\\\__init__.py'>\n        message    = 'element click intercepted: Element <a href=\"https://testqastudio.me?products_group=sale\" class=\"tab-sale \">...</a> is...would receive the click: <div class=\"catalog-toolbar-tabs__content\">...</div>\\n  (Session info: chrome=123.0.6312.105)'\n        response   = {'status': 400, 'value': '{\"value\":{\"error\":\"element click intercepted\",\"message\":\"element click intercepted: Element ...07FF74D979C24]\\\\n\\\\tBaseThreadInitThunk [0x00007FFB73DC7344+20]\\\\n\\\\tRtlUserThreadStart [0x00007FFB755426B1+33]\\\\n\"}}'}\n        screen     = None\n        self       = <selenium.webdriver.remote.errorhandler.ErrorHandler object at 0x000001511B3E0800>\n        st_value   = '\\tGetHandleVerifier [0x00007FF74DA170C2+63090]\\n\\t(No symbol) [0x00007FF74D982D12]\\n\\t(No symbol) [0x00007FF74D81EC65...l) [0x00007FF74D979C24]\\n\\tBaseThreadInitThunk [0x00007FFB73DC7344+20]\\n\\tRtlUserThreadStart [0x00007FFB755426B1+33]\\n'\n        stacktrace = ['\\tGetHandleVerifier [0x00007FF74DA170C2+63090]', '\\t(No symbol) [0x00007FF74D982D12]', '\\t(No symbol) [0x00007FF74D8... '\\t(No symbol) [0x00007FF74D86BB34]', '\\t(No symbol) [0x00007FF74D869954]', '\\t(No symbol) [0x00007FF74D867164]', ...]\n        status     = 'element click intercepted'\n        value      = {'error': 'element click intercepted', 'message': 'element click intercepted: Element <a href=\"https://testqastudio.me...) [0x00007FF74D979C24]\\n\\tBaseThreadInitThunk [0x00007FFB73DC7344+20]\\n\\tRtlUserThreadStart [0x00007FFB755426B1+33]\\n'}\n        value_json = '{\"value\":{\"error\":\"element click intercepted\",\"message\":\"element click intercepted: Element \\\\u003Ca href=\\\\\"https://...007FF74D979C24]\\\\n\\\\tBaseThreadInitThunk [0x00007FFB73DC7344+20]\\\\n\\\\tRtlUserThreadStart [0x00007FFB755426B1+33]\\\\n\"}}'"}, "description": "\n    Test case TC-2\n    ", "start": 1712249202526, "stop": 1712249209867, "uuid": "36a61c39-d2be-4414-97e6-53972fbc8451", "historyId": "661b4d561aa9283d092c863c736f17f8", "testCaseId": "661b4d561aa9283d092c863c736f17f8", "fullName": "test_shop#test_products_group", "labels": [{"name": "tag", "value": "@pytest.mark.xfail(reason='Wait for fix bug')"}, {"name": "suite", "value": "test_shop"}, {"name": "host", "value": "LAPTOP-G4Q0H2KK"}, {"name": "thread", "value": "6136-MainThread"}, {"name": "framework", "value": "pytest"}, {"name": "language", "value": "cpython3"}, {"name": "package", "value": "test_shop"}]}